<?xml version="1.0" encoding="UTF-8"?>
<robot generator="Robot 6.1.1 (Python 3.12.0 on win32)" generated="20231018 16:31:34.356" rpa="false" schemaversion="4">
<suite id="s1" name="Home" source="C:\QAx\projects\walkdog-robot\home.robot">
<test id="s1-t1" name="Home page deve estar online" line="7">
<kw name="New Browser" library="Browser">
<arg>browser=chromium</arg>
<arg>headless=False</arg>
<tag>BrowserControl</tag>
<tag>Setter</tag>
<doc>Create a new playwright Browser with specified options.</doc>
<msg timestamp="20231018 16:31:38.501" level="INFO">{"browser": "chromium", "headless": false, "chromiumSandbox": false, "devtools": false, "handleSIGHUP": true, "handleSIGINT": true, "handleSIGTERM": true, "slowMo": 0.0, "timeout": 30000.0, "tracesDir": "C:\\QAx\\projects\\walkdog-robot\\logs\\browser\\traces\\338a776a-d71c-4a05-9a48-8467f8bd9b93"}</msg>
<msg timestamp="20231018 16:31:44.063" level="INFO">Successfully created browser with options: {"browser":"chromium","headless":false,"chromiumSandbox":false,"devtools":false,"handleSIGHUP":true,"handleSIGINT":true,"handleSIGTERM":true,"slowMo":0,"timeout":30000,"tracesDir":"C:\\QAx\\projects\\walkdog-robot\\logs\\browser\\traces\\338a776a-d71c-4a05-9a48-8467f8bd9b93"}</msg>
<status status="PASS" starttime="20231018 16:31:38.500" endtime="20231018 16:31:44.063"/>
</kw>
<kw name="New Page" library="Browser">
<arg>https://walkdog.vercel.app/</arg>
<tag>BrowserControl</tag>
<tag>Setter</tag>
<doc>Open a new Page.</doc>
<msg timestamp="20231018 16:31:47.587" level="INFO">Successfully initialized new page object and opened url: https://walkdog.vercel.app/</msg>
<msg timestamp="20231018 16:31:47.587" level="INFO">No context was open. New context was automatically opened when this page is created.</msg>
<status status="PASS" starttime="20231018 16:31:44.078" endtime="20231018 16:31:47.587"/>
</kw>
<kw name="Get Text" library="Browser">
<arg>h1</arg>
<arg>equal</arg>
<arg>Cuidado e diversão em cada passo</arg>
<tag>Assertion</tag>
<tag>Getter</tag>
<tag>PageContent</tag>
<doc>Returns text attribute of the element found by ``selector``.</doc>
<msg timestamp="20231018 16:31:47.744" level="INFO">Text: 'Cuidado e diversão em cada passo'</msg>
<status status="PASS" starttime="20231018 16:31:47.613" endtime="20231018 16:31:47.744"/>
</kw>
<kw name="Take Screenshot" library="Browser">
<tag>PageContent</tag>
<doc>Takes a screenshot of the current window or element and saves it to disk.</doc>
<msg timestamp="20231018 16:31:48.038" level="INFO" html="true">&lt;/td&gt;&lt;/tr&gt;&lt;tr&gt;&lt;td colspan="3"&gt;&lt;a href="browser/screenshot/robotframework-browser-screenshot-1.png" target="_blank"&gt;&lt;img src="browser/screenshot/robotframework-browser-screenshot-1.png" width="800px"/&gt;&lt;/a&gt;</msg>
<status status="PASS" starttime="20231018 16:31:47.755" endtime="20231018 16:31:48.038"/>
</kw>
<status status="PASS" starttime="20231018 16:31:38.492" endtime="20231018 16:31:48.054"/>
</test>
<doc>Suite de testes da home page</doc>
<status status="PASS" starttime="20231018 16:31:34.361" endtime="20231018 16:31:48.310"/>
</suite>
<statistics>
<total>
<stat pass="1" fail="0" skip="0">All Tests</stat>
</total>
<tag>
</tag>
<suite>
<stat pass="1" fail="0" skip="0" id="s1" name="Home">Home</stat>
</suite>
</statistics>
<errors>
</errors>
</robot>
